<?xml version="1.0" encoding="UTF-8"?>
<testsuite name="org.scrum.psd.battleship.ascii.MainTest" tests="2" skipped="0" failures="0" errors="0" timestamp="2020-06-19T06:37:31" hostname="1-ПК" time="0.211">
  <properties/>
  <testcase name="testParsePosition2()" classname="org.scrum.psd.battleship.ascii.MainTest" time="0.21"/>
  <testcase name="testParsePosition()" classname="org.scrum.psd.battleship.ascii.MainTest" time="0.19"/>
  <system-out><![CDATA[]]></system-out>
  <system-err><![CDATA[]]></system-err>
</testsuite>
